Base path: 'C:/Program Files/Unity/Hub/Editor/2019.2.17f1/Editor/Data', plugins path 'C:/Program Files/Unity/Hub/Editor/2019.2.17f1/Editor/Data/PlaybackEngines'
Cmd: initializeCompiler
Cmd: preprocessCompute
  insize=1439 outsize=1438 ok=1
Cmd: preprocess
  insize=2243 outsize=428 ok=1
Cmd: preprocess
  insize=4508 outsize=286 ok=1
Cmd: preprocess
  insize=3338 outsize=1536 ok=1
Cmd: preprocess
  insize=14652 outsize=5526 ok=1
Cmd: preprocess
  insize=4317 outsize=309 ok=1
Cmd: preprocess
  insize=6843 outsize=1272 ok=1
Cmd: preprocess
  insize=2937 outsize=365 ok=1
Cmd: preprocess
  insize=4250 outsize=592 ok=1
Cmd: preprocess
  insize=5824 outsize=1290 ok=1
Cmd: preprocess
  insize=9986 outsize=1110 ok=1
Cmd: preprocess
  insize=2265 outsize=452 ok=1
Cmd: preprocess
  insize=7433 outsize=1701 ok=1
Cmd: preprocess
  insize=6706 outsize=1402 ok=1
Cmd: preprocess
  insize=3303 outsize=360 ok=1
Cmd: preprocess
  insize=14215 outsize=5377 ok=1
Cmd: preprocess
  insize=14514 outsize=5478 ok=1
Cmd: preprocess
  insize=7251 outsize=1698 ok=1
Cmd: preprocess
  insize=3169 outsize=280 ok=1
Cmd: preprocessCompute
  insize=1869 outsize=1868 ok=1
Cmd: preprocess
  insize=7550 outsize=4940 ok=1
Cmd: preprocess
  insize=3467 outsize=550 ok=1
Cmd: preprocessCompute
  insize=838 outsize=839 ok=1
Cmd: preprocessCompute
  insize=4918 outsize=4919 ok=1
Cmd: preprocessCompute
  insize=1251 outsize=1250 ok=1
Cmd: preprocess
  insize=2393 outsize=355 ok=1
Cmd: preprocess
  insize=4050 outsize=353 ok=1
Cmd: preprocess
  insize=7385 outsize=1698 ok=1
Cmd: preprocess
  insize=6103 outsize=2563 ok=1
Cmd: preprocess
  insize=3420 outsize=360 ok=1
Cmd: preprocess
  insize=2127 outsize=357 ok=1
Cmd: preprocess
  insize=2353 outsize=363 ok=1
Cmd: preprocessCompute
  insize=1320 outsize=1321 ok=1
Cmd: preprocess
  insize=2867 outsize=434 ok=1
Cmd: preprocess
  insize=2869 outsize=325 ok=1
Cmd: preprocess
  insize=3339 outsize=365 ok=1
Cmd: preprocessCompute
  insize=4444 outsize=4443 ok=1
Cmd: preprocessCompute
  insize=928 outsize=927 ok=1
Cmd: preprocess
  insize=2158 outsize=462 ok=1
Cmd: preprocess
  insize=1972 outsize=301 ok=1
Cmd: preprocess
  insize=2017 outsize=2292 ok=1
Cmd: preprocessCompute
  insize=1523 outsize=1522 ok=1
Cmd: preprocessCompute
  insize=2530 outsize=2529 ok=1
Cmd: preprocess
  insize=4560 outsize=481 ok=1
Cmd: preprocess
  insize=1494 outsize=339 ok=1
Cmd: preprocess
  insize=2700 outsize=337 ok=1
Cmd: preprocessCompute
  insize=10214 outsize=10215 ok=1
Cmd: preprocess
  insize=89307 outsize=2513 ok=1
